TN:
SF:src/i18n-mixin.js
FN:4,I18nMixin
FN:10,connectedCallback
FN:15,disconnectedCallback
FN:20,_langChanged
FNF:4
FNH:4
FNDA:7,I18nMixin
FNDA:32,connectedCallback
FNDA:32,disconnectedCallback
FNDA:1,_langChanged
DA:1,4
DA:2,4
DA:3,4
DA:4,4
DA:5,7
DA:6,31
DA:7,31
DA:8,31
DA:9,7
DA:10,7
DA:11,32
DA:12,32
DA:13,32
DA:14,7
DA:15,7
DA:16,32
DA:17,32
DA:18,32
DA:19,7
DA:20,7
DA:21,1
DA:22,1
DA:23,4
LF:23
LH:23
BRDA:1,0,0,4
BRDA:4,1,0,7
BRDA:5,2,0,31
BRDA:10,3,0,32
BRDA:15,4,0,32
BRDA:20,5,0,7
BRF:6
BRH:6
end_of_record
TN:
SF:src/i18n.js
FNF:0
FNH:0
DA:1,5
DA:2,5
DA:3,5
DA:4,5
DA:5,5
DA:6,5
DA:7,5
DA:8,5
DA:9,5
DA:10,5
DA:11,5
DA:12,5
DA:13,5
DA:14,5
DA:15,5
DA:16,5
DA:17,0
DA:18,5
DA:19,5
DA:20,5
LF:20
LH:19
BRDA:1,0,0,5
BRF:1
BRH:1
end_of_record
TN:
SF:src/components/c-breadcrumb.js
FN:4,<static_initializer>
FN:8,CBreadcrumb
FN:39,render
FNF:3
FNH:3
FNDA:2,<static_initializer>
FNDA:14,CBreadcrumb
FNDA:14,render
DA:1,2
DA:2,2
DA:3,2
DA:4,2
DA:5,2
DA:6,2
DA:7,2
DA:8,2
DA:9,14
DA:10,14
DA:11,14
DA:12,2
DA:13,2
DA:14,2
DA:15,2
DA:16,2
DA:17,2
DA:18,2
DA:19,2
DA:20,2
DA:21,2
DA:22,2
DA:23,2
DA:24,2
DA:25,2
DA:26,2
DA:27,2
DA:28,2
DA:29,2
DA:30,2
DA:31,2
DA:32,2
DA:33,2
DA:34,2
DA:35,2
DA:36,2
DA:37,2
DA:38,2
DA:39,2
DA:40,14
DA:41,14
DA:42,14
DA:43,14
DA:44,14
DA:45,14
DA:46,14
DA:47,2
DA:48,2
DA:49,2
LF:49
LH:49
BRDA:1,0,0,2
BRDA:4,1,0,2
BRDA:8,2,0,14
BRDA:39,3,0,14
BRF:4
BRH:4
end_of_record
TN:
SF:src/components/c-button.js
FN:4,<static_initializer>
FN:16,CButton
FN:157,render
FNF:3
FNH:3
FNDA:1,<static_initializer>
FNDA:82,CButton
FNDA:88,render
DA:1,1
DA:2,1
DA:3,1
DA:4,1
DA:5,1
DA:6,1
DA:7,1
DA:8,1
DA:9,1
DA:10,1
DA:11,1
DA:12,1
DA:13,1
DA:14,1
DA:15,1
DA:16,1
DA:17,82
DA:18,82
DA:19,82
DA:20,82
DA:21,82
DA:22,82
DA:23,82
DA:24,82
DA:25,82
DA:26,82
DA:27,82
DA:28,1
DA:29,1
DA:30,1
DA:31,1
DA:32,1
DA:33,1
DA:34,1
DA:35,1
DA:36,1
DA:37,1
DA:38,1
DA:39,1
DA:40,1
DA:41,1
DA:42,1
DA:43,1
DA:44,1
DA:45,1
DA:46,1
DA:47,1
DA:48,1
DA:49,1
DA:50,1
DA:51,1
DA:52,1
DA:53,1
DA:54,1
DA:55,1
DA:56,1
DA:57,1
DA:58,1
DA:59,1
DA:60,1
DA:61,1
DA:62,1
DA:63,1
DA:64,1
DA:65,1
DA:66,1
DA:67,1
DA:68,1
DA:69,1
DA:70,1
DA:71,1
DA:72,1
DA:73,1
DA:74,1
DA:75,1
DA:76,1
DA:77,1
DA:78,1
DA:79,1
DA:80,1
DA:81,1
DA:82,1
DA:83,1
DA:84,1
DA:85,1
DA:86,1
DA:87,1
DA:88,1
DA:89,1
DA:90,1
DA:91,1
DA:92,1
DA:93,1
DA:94,1
DA:95,1
DA:96,1
DA:97,1
DA:98,1
DA:99,1
DA:100,1
DA:101,1
DA:102,1
DA:103,1
DA:104,1
DA:105,1
DA:106,1
DA:107,1
DA:108,1
DA:109,1
DA:110,1
DA:111,1
DA:112,1
DA:113,1
DA:114,1
DA:115,1
DA:116,1
DA:117,1
DA:118,1
DA:119,1
DA:120,1
DA:121,1
DA:122,1
DA:123,1
DA:124,1
DA:125,1
DA:126,1
DA:127,1
DA:128,1
DA:129,1
DA:130,1
DA:131,1
DA:132,1
DA:133,1
DA:134,1
DA:135,1
DA:136,1
DA:137,1
DA:138,1
DA:139,1
DA:140,1
DA:141,1
DA:142,1
DA:143,1
DA:144,1
DA:145,1
DA:146,1
DA:147,1
DA:148,1
DA:149,1
DA:150,1
DA:151,1
DA:152,1
DA:153,1
DA:154,1
DA:155,1
DA:156,1
DA:157,1
DA:158,88
DA:159,88
DA:160,88
DA:161,88
DA:162,88
DA:163,29
DA:164,29
DA:165,29
DA:166,29
DA:167,29
DA:168,29
DA:169,29
DA:170,29
DA:171,29
DA:172,29
DA:173,29
DA:174,59
DA:175,59
DA:176,88
DA:177,88
DA:178,88
DA:179,88
DA:180,88
DA:181,1
DA:182,1
DA:183,1
LF:183
LH:183
BRDA:1,0,0,1
BRDA:4,1,0,1
BRDA:16,2,0,82
BRDA:157,3,0,88
BRDA:159,4,0,0
BRDA:162,5,0,29
BRDA:174,6,0,59
BRF:7
BRH:6
end_of_record
TN:
SF:src/components/c-icon.js
FN:4,<static_initializer>
FN:30,CIcon
FN:38,firstUpdated
FN:42,updated
FN:53,_initIcons
FN:67,render
FNF:6
FNH:6
FNDA:2,<static_initializer>
FNDA:98,CIcon
FNDA:99,firstUpdated
FNDA:101,updated
FNDA:201,_initIcons
FNDA:101,render
DA:1,2
DA:2,2
DA:3,2
DA:4,2
DA:5,2
DA:6,2
DA:7,2
DA:8,2
DA:9,2
DA:10,2
DA:11,2
DA:12,2
DA:13,2
DA:14,2
DA:15,2
DA:16,2
DA:17,2
DA:18,2
DA:19,2
DA:20,2
DA:21,2
DA:22,2
DA:23,2
DA:24,2
DA:25,2
DA:26,2
DA:27,2
DA:28,2
DA:29,2
DA:30,2
DA:31,98
DA:32,98
DA:33,98
DA:34,98
DA:35,98
DA:36,98
DA:37,2
DA:38,2
DA:39,99
DA:40,99
DA:41,2
DA:42,2
DA:43,101
DA:44,101
DA:45,101
DA:46,101
DA:47,0
DA:48,101
DA:49,101
DA:50,101
DA:51,101
DA:52,2
DA:53,2
DA:54,201
DA:55,8
DA:56,8
DA:57,8
DA:58,8
DA:59,8
DA:60,8
DA:61,8
DA:62,8
DA:63,8
DA:64,8
DA:65,201
DA:66,2
DA:67,2
DA:68,101
DA:69,101
DA:70,2
DA:71,2
DA:72,2
LF:72
LH:71
BRDA:1,0,0,2
BRDA:4,1,0,2
BRDA:30,2,0,98
BRDA:38,3,0,99
BRDA:42,4,0,101
BRDA:44,5,0,2
BRDA:45,6,0,1
BRDA:46,7,0,0
BRDA:53,8,0,201
BRDA:54,9,0,8
BRDA:67,10,0,101
BRF:11
BRH:10
end_of_record
TN:
SF:src/components/c-pagination.js
FN:4,<static_initializer>
FN:11,CPagination
FN:44,get totalPages
FN:48,#emit
FN:55,#range
FN:71,render
FNF:6
FNH:6
FNDA:2,<static_initializer>
FNDA:15,CPagination
FNDA:49,get totalPages
FNDA:2,#emit
FNDA:22,#range
FNDA:22,render
DA:1,2
DA:2,2
DA:3,2
DA:4,2
DA:5,2
DA:6,2
DA:7,2
DA:8,2
DA:9,2
DA:10,2
DA:11,2
DA:12,15
DA:13,15
DA:14,15
DA:15,15
DA:16,15
DA:17,15
DA:18,2
DA:19,2
DA:20,2
DA:21,2
DA:22,2
DA:23,2
DA:24,2
DA:25,2
DA:26,2
DA:27,2
DA:28,2
DA:29,2
DA:30,2
DA:31,2
DA:32,2
DA:33,2
DA:34,2
DA:35,2
DA:36,2
DA:37,2
DA:38,2
DA:39,2
DA:40,2
DA:41,2
DA:42,2
DA:43,2
DA:44,2
DA:45,49
DA:46,49
DA:47,2
DA:48,2
DA:49,2
DA:50,2
DA:51,1
DA:52,1
DA:53,2
DA:54,2
DA:55,2
DA:56,22
DA:57,22
DA:58,22
DA:59,22
DA:60,22
DA:61,22
DA:62,22
DA:63,22
DA:64,22
DA:65,22
DA:66,22
DA:67,22
DA:68,22
DA:69,22
DA:70,2
DA:71,2
DA:72,22
DA:73,22
DA:74,22
DA:75,22
DA:76,22
DA:77,22
DA:78,22
DA:79,22
DA:80,22
DA:81,38
DA:82,38
DA:83,33
DA:84,33
DA:85,33
DA:86,22
DA:87,22
DA:88,22
DA:89,22
DA:90,22
DA:91,22
DA:92,22
DA:93,22
DA:94,22
DA:95,2
DA:96,2
DA:97,2
LF:97
LH:97
BRDA:1,0,0,2
BRDA:4,1,0,2
BRDA:11,2,0,15
BRDA:44,3,0,49
BRDA:45,4,0,16
BRDA:48,5,0,3
BRDA:50,6,0,2
BRDA:55,7,0,22
BRDA:64,8,0,2
BRDA:65,9,0,7
BRDA:66,10,0,3
BRDA:67,11,0,4
BRDA:71,12,0,22
BRDA:80,13,0,38
BRDA:80,14,0,36
BRDA:81,15,0,5
BRDA:82,16,0,33
BRDA:82,17,0,22
BRDA:82,18,0,11
BRDA:83,19,0,22
BRDA:83,20,0,11
BRDA:83,21,0,13
BRF:22
BRH:22
end_of_record
TN:
SF:src/components/confirm-modal.js
FN:5,<static_initializer>
FN:11,ConfirmModal
FN:84,firstUpdated
FN:90,updated
FN:100,_handleKeyDown
FN:106,_confirm
FN:111,_cancel
FN:116,render
FNF:8
FNH:8
FNDA:3,<static_initializer>
FNDA:17,ConfirmModal
FNDA:17,firstUpdated
FNDA:32,updated
FNDA:1,_handleKeyDown
FNDA:1,_confirm
FNDA:3,_cancel
FNDA:32,render
DA:1,3
DA:2,3
DA:3,3
DA:4,3
DA:5,3
DA:6,3
DA:7,3
DA:8,3
DA:9,3
DA:10,3
DA:11,3
DA:12,17
DA:13,17
DA:14,17
DA:15,17
DA:16,17
DA:17,17
DA:18,3
DA:19,3
DA:20,3
DA:21,3
DA:22,3
DA:23,3
DA:24,3
DA:25,3
DA:26,3
DA:27,3
DA:28,3
DA:29,3
DA:30,3
DA:31,3
DA:32,3
DA:33,3
DA:34,3
DA:35,3
DA:36,3
DA:37,3
DA:38,3
DA:39,3
DA:40,3
DA:41,3
DA:42,3
DA:43,3
DA:44,3
DA:45,3
DA:46,3
DA:47,3
DA:48,3
DA:49,3
DA:50,3
DA:51,3
DA:52,3
DA:53,3
DA:54,3
DA:55,3
DA:56,3
DA:57,3
DA:58,3
DA:59,3
DA:60,3
DA:61,3
DA:62,3
DA:63,3
DA:64,3
DA:65,3
DA:66,3
DA:67,3
DA:68,3
DA:69,3
DA:70,3
DA:71,3
DA:72,3
DA:73,3
DA:74,3
DA:75,3
DA:76,3
DA:77,3
DA:78,3
DA:79,3
DA:80,3
DA:81,3
DA:82,3
DA:83,3
DA:84,3
DA:85,17
DA:86,1
DA:87,17
DA:88,17
DA:89,3
DA:90,3
DA:91,32
DA:92,31
DA:93,9
DA:94,31
DA:95,22
DA:96,22
DA:97,31
DA:98,32
DA:99,3
DA:100,3
DA:101,1
DA:102,1
DA:103,1
DA:104,1
DA:105,3
DA:106,3
DA:107,1
DA:108,1
DA:109,1
DA:110,3
DA:111,3
DA:112,3
DA:113,3
DA:114,3
DA:115,3
DA:116,3
DA:117,32
DA:118,32
DA:119,32
DA:120,32
DA:121,32
DA:122,32
DA:123,32
DA:124,32
DA:125,32
DA:126,32
DA:127,32
DA:128,32
DA:129,32
DA:130,32
DA:131,32
DA:132,32
DA:133,3
DA:134,3
DA:135,3
LF:135
LH:135
BRDA:1,0,0,3
BRDA:5,1,0,3
BRDA:11,2,0,17
BRDA:84,3,0,17
BRDA:85,4,0,11
BRDA:90,5,0,32
BRDA:91,6,0,31
BRDA:92,7,0,9
BRDA:94,8,0,22
BRDA:100,9,0,3
BRDA:101,10,0,2
BRDA:106,11,0,3
BRDA:111,12,0,5
BRDA:116,13,0,32
BRDA:119,14,0,16
BRF:15
BRH:15
end_of_record
TN:
SF:src/components/employee/employee-card.js
FN:7,<static_initializer>
FN:15,EmployeeCard
FN:95,get paged
FN:106,#onPageChange
FN:110,willUpdate
FN:116,render
FNF:6
FNH:5
FNDA:1,<static_initializer>
FNDA:1,EmployeeCard
FNDA:1,get paged
FNDA:0,#onPageChange
FNDA:1,willUpdate
FNDA:1,render
DA:1,1
DA:2,1
DA:3,1
DA:4,1
DA:5,1
DA:6,1
DA:7,1
DA:8,1
DA:9,1
DA:10,1
DA:11,1
DA:12,1
DA:13,1
DA:14,1
DA:15,1
DA:16,1
DA:17,1
DA:18,1
DA:19,1
DA:20,1
DA:21,1
DA:22,1
DA:23,1
DA:24,1
DA:25,1
DA:26,1
DA:27,1
DA:28,1
DA:29,1
DA:30,1
DA:31,1
DA:32,1
DA:33,1
DA:34,1
DA:35,1
DA:36,1
DA:37,1
DA:38,1
DA:39,1
DA:40,1
DA:41,1
DA:42,1
DA:43,1
DA:44,1
DA:45,1
DA:46,1
DA:47,1
DA:48,1
DA:49,1
DA:50,1
DA:51,1
DA:52,1
DA:53,1
DA:54,1
DA:55,1
DA:56,1
DA:57,1
DA:58,1
DA:59,1
DA:60,1
DA:61,1
DA:62,1
DA:63,1
DA:64,1
DA:65,1
DA:66,1
DA:67,1
DA:68,1
DA:69,1
DA:70,1
DA:71,1
DA:72,1
DA:73,1
DA:74,1
DA:75,1
DA:76,1
DA:77,1
DA:78,1
DA:79,1
DA:80,1
DA:81,1
DA:82,1
DA:83,1
DA:84,1
DA:85,1
DA:86,1
DA:87,1
DA:88,1
DA:89,1
DA:90,1
DA:91,1
DA:92,1
DA:93,1
DA:94,1
DA:95,1
DA:96,1
DA:97,1
DA:98,1
DA:99,0
DA:100,0
DA:101,0
DA:102,0
DA:103,1
DA:104,1
DA:105,1
DA:106,1
DA:107,0
DA:108,0
DA:109,1
DA:110,1
DA:111,1
DA:112,1
DA:113,1
DA:114,1
DA:115,1
DA:116,1
DA:117,1
DA:118,1
DA:119,1
DA:120,1
DA:121,3
DA:122,3
DA:123,3
DA:124,3
DA:125,24
DA:126,24
DA:127,24
DA:128,24
DA:129,24
DA:130,24
DA:131,24
DA:132,24
DA:133,24
DA:134,24
DA:135,24
DA:136,24
DA:137,3
DA:138,3
DA:139,3
DA:140,3
DA:141,3
DA:142,3
DA:143,3
DA:144,3
DA:145,3
DA:146,3
DA:147,3
DA:148,3
DA:149,3
DA:150,3
DA:151,3
DA:152,1
DA:153,1
DA:154,1
DA:155,1
DA:156,1
DA:157,1
DA:158,1
DA:159,1
DA:160,1
DA:161,1
DA:162,1
DA:163,1
DA:164,1
DA:165,1
DA:166,1
DA:167,1
LF:167
LH:161
BRDA:1,0,0,1
BRDA:7,1,0,1
BRDA:15,2,0,1
BRDA:95,3,0,1
BRDA:98,4,0,0
BRDA:98,5,0,0
BRDA:110,6,0,1
BRDA:116,7,0,1
BRDA:120,8,0,3
BRDA:124,9,0,24
BRDA:130,10,0,6
BRDA:131,11,0,18
BRF:12
BRH:10
end_of_record
TN:
SF:src/components/employee/employee-form.js
FN:7,<static_initializer>
FN:11,EmployeeForm
FN:69,_onInputChange
FN:79,_onSubmit
FN:93,renderField
FN:128,render
FNF:6
FNH:6
FNDA:2,<static_initializer>
FNDA:6,EmployeeForm
FNDA:1,_onInputChange
FNDA:2,_onSubmit
FNDA:72,renderField
FNDA:9,render
DA:1,2
DA:2,2
DA:3,2
DA:4,2
DA:5,2
DA:6,2
DA:7,2
DA:8,2
DA:9,2
DA:10,2
DA:11,2
DA:12,6
DA:13,6
DA:14,6
DA:15,2
DA:16,2
DA:17,2
DA:18,2
DA:19,2
DA:20,2
DA:21,2
DA:22,2
DA:23,2
DA:24,2
DA:25,2
DA:26,2
DA:27,2
DA:28,2
DA:29,2
DA:30,2
DA:31,2
DA:32,2
DA:33,2
DA:34,2
DA:35,2
DA:36,2
DA:37,2
DA:38,2
DA:39,2
DA:40,2
DA:41,2
DA:42,2
DA:43,2
DA:44,2
DA:45,2
DA:46,2
DA:47,2
DA:48,2
DA:49,2
DA:50,2
DA:51,2
DA:52,2
DA:53,2
DA:54,2
DA:55,2
DA:56,2
DA:57,2
DA:58,2
DA:59,2
DA:60,2
DA:61,2
DA:62,2
DA:63,2
DA:64,2
DA:65,2
DA:66,2
DA:67,2
DA:68,2
DA:69,2
DA:70,1
DA:71,1
DA:72,1
DA:73,1
DA:74,1
DA:75,1
DA:76,1
DA:77,1
DA:78,2
DA:79,2
DA:80,2
DA:81,2
DA:82,2
DA:83,1
DA:84,1
DA:85,1
DA:86,1
DA:87,1
DA:88,1
DA:89,1
DA:90,1
DA:91,2
DA:92,2
DA:93,2
DA:94,72
DA:95,72
DA:96,72
DA:97,18
DA:98,18
DA:99,18
DA:100,18
DA:101,18
DA:102,18
DA:103,54
DA:104,54
DA:105,54
DA:106,54
DA:107,54
DA:108,18
DA:109,18
DA:110,18
DA:111,18
DA:112,18
DA:113,54
DA:114,54
DA:115,54
DA:116,72
DA:117,72
DA:118,72
DA:119,72
DA:120,72
DA:121,72
DA:122,72
DA:123,72
DA:124,72
DA:125,72
DA:126,72
DA:127,2
DA:128,2
DA:129,9
DA:130,9
DA:131,9
DA:132,9
DA:133,9
DA:134,9
DA:135,9
DA:136,9
DA:137,9
DA:138,9
DA:139,9
DA:140,9
DA:141,9
DA:142,9
DA:143,9
DA:144,9
DA:145,9
DA:146,9
DA:147,9
DA:148,9
DA:149,2
DA:150,2
DA:151,2
LF:151
LH:151
BRDA:1,0,0,2
BRDA:7,1,0,2
BRDA:11,2,0,6
BRDA:13,3,0,48
BRDA:93,4,0,72
BRDA:96,5,0,18
BRDA:99,6,0,0
BRDA:113,7,0,54
BRDA:116,8,0,45
BRDA:116,9,0,9
BRDA:102,10,0,54
BRDA:128,11,0,9
BRDA:136,12,0,72
BRDA:69,13,0,2
BRDA:79,14,0,3
BRDA:82,15,0,2
BRF:16
BRH:15
end_of_record
TN:
SF:src/components/employee/employee-list-view.js
FN:8,<static_initializer>
FN:21,EmployeeListView
FN:29,render
FN:61,_renderEmptyState
FN:78,_forward
FNF:5
FNH:4
FNDA:1,<static_initializer>
FNDA:7,EmployeeListView
FNDA:18,render
FNDA:7,_renderEmptyState
FNDA:0,_forward
DA:1,1
DA:2,1
DA:3,1
DA:4,1
DA:5,1
DA:6,1
DA:7,1
DA:8,1
DA:9,1
DA:10,1
DA:11,1
DA:12,1
DA:13,1
DA:14,1
DA:15,1
DA:16,1
DA:17,1
DA:18,1
DA:19,1
DA:20,1
DA:21,1
DA:22,7
DA:23,7
DA:24,7
DA:25,7
DA:26,7
DA:27,7
DA:28,1
DA:29,1
DA:30,18
DA:31,18
DA:32,18
DA:33,7
DA:34,7
DA:35,7
DA:36,7
DA:37,7
DA:38,7
DA:39,11
DA:40,11
DA:41,11
DA:42,18
DA:43,10
DA:44,10
DA:45,10
DA:46,10
DA:47,10
DA:48,10
DA:49,10
DA:50,18
DA:51,1
DA:52,1
DA:53,1
DA:54,1
DA:55,1
DA:56,1
DA:57,18
DA:58,18
DA:59,18
DA:60,1
DA:61,1
DA:62,7
DA:63,7
DA:64,7
DA:65,7
DA:66,7
DA:67,7
DA:68,7
DA:69,0
DA:70,0
DA:71,7
DA:72,7
DA:73,7
DA:74,7
DA:75,7
DA:76,1
DA:77,1
DA:78,1
DA:79,0
DA:80,0
DA:81,1
DA:82,1
DA:83,1
LF:83
LH:79
BRDA:1,0,0,1
BRDA:8,1,0,1
BRDA:21,2,0,7
BRDA:29,3,0,18
BRDA:32,4,0,7
BRDA:39,5,0,11
BRDA:42,6,0,10
BRDA:50,7,0,1
BRDA:61,8,0,7
BRDA:65,9,0,0
BRDA:68,10,0,0
BRF:11
BRH:9
end_of_record
TN:
SF:src/components/employee/employee-table.js
FN:8,<static_initializer>
FN:16,EmployeeTable
FN:51,get paged
FN:63,willUpdate
FN:69,#onPageChange
FN:73,render
FNF:6
FNH:5
FNDA:1,<static_initializer>
FNDA:8,EmployeeTable
FNDA:10,get paged
FNDA:10,willUpdate
FNDA:0,#onPageChange
FNDA:10,render
DA:1,1
DA:2,1
DA:3,1
DA:4,1
DA:5,1
DA:6,1
DA:7,1
DA:8,1
DA:9,1
DA:10,1
DA:11,1
DA:12,1
DA:13,1
DA:14,1
DA:15,1
DA:16,1
DA:17,8
DA:18,8
DA:19,8
DA:20,8
DA:21,8
DA:22,8
DA:23,8
DA:24,1
DA:25,1
DA:26,1
DA:27,1
DA:28,1
DA:29,1
DA:30,1
DA:31,1
DA:32,1
DA:33,1
DA:34,1
DA:35,1
DA:36,1
DA:37,1
DA:38,1
DA:39,1
DA:40,1
DA:41,1
DA:42,1
DA:43,1
DA:44,1
DA:45,1
DA:46,1
DA:47,1
DA:48,1
DA:49,1
DA:50,1
DA:51,1
DA:52,10
DA:53,10
DA:54,10
DA:55,0
DA:56,0
DA:57,0
DA:58,0
DA:59,10
DA:60,10
DA:61,1
DA:62,1
DA:63,1
DA:64,10
DA:65,9
DA:66,9
DA:67,10
DA:68,1
DA:69,1
DA:70,0
DA:71,0
DA:72,1
DA:73,1
DA:74,10
DA:75,10
DA:76,10
DA:77,10
DA:78,10
DA:79,10
DA:80,80
DA:81,80
DA:82,80
DA:83,10
DA:84,10
DA:85,10
DA:86,10
DA:87,10
DA:88,10
DA:89,10
DA:90,27
DA:91,27
DA:92,27
DA:93,216
DA:94,216
DA:95,216
DA:96,216
DA:97,216
DA:98,216
DA:99,27
DA:100,27
DA:101,27
DA:102,27
DA:103,27
DA:104,27
DA:105,27
DA:106,27
DA:107,27
DA:108,27
DA:109,27
DA:110,27
DA:111,27
DA:112,27
DA:113,27
DA:114,10
DA:115,10
DA:116,10
DA:117,10
DA:118,10
DA:119,10
DA:120,10
DA:121,10
DA:122,10
DA:123,10
DA:124,10
DA:125,10
DA:126,10
DA:127,10
DA:128,10
DA:129,10
DA:130,10
DA:131,10
DA:132,1
DA:133,1
DA:134,1
LF:134
LH:128
BRDA:1,0,0,1
BRDA:8,1,0,1
BRDA:16,2,0,8
BRDA:51,3,0,10
BRDA:54,4,0,0
BRDA:54,5,0,0
BRDA:63,6,0,10
BRDA:64,7,0,9
BRDA:73,8,0,10
BRDA:79,9,0,80
BRDA:80,10,0,0
BRDA:80,11,0,10
BRDA:80,12,0,70
BRDA:89,13,0,27
BRDA:92,14,0,216
BRDA:93,15,0,0
BRDA:93,16,0,27
BRDA:93,17,0,189
BRDA:95,18,0,54
BRDA:96,19,0,162
BRF:20
BRH:16
end_of_record
TN:
SF:src/constants/employee-fields.js
FNF:0
FNH:0
DA:1,3
DA:2,3
DA:3,3
DA:4,3
DA:5,3
DA:6,3
DA:7,3
DA:8,3
DA:9,3
DA:10,3
DA:11,3
DA:12,3
DA:13,3
DA:14,3
DA:15,3
DA:16,3
DA:17,3
DA:18,3
DA:19,3
DA:20,3
DA:21,3
DA:22,3
DA:23,3
DA:24,3
DA:25,3
DA:26,3
DA:27,3
DA:28,3
DA:29,3
DA:30,3
DA:31,3
DA:32,3
DA:33,3
DA:34,3
DA:35,3
DA:36,3
DA:37,3
DA:38,3
DA:39,3
DA:40,3
DA:41,3
DA:42,3
DA:43,3
DA:44,3
DA:45,3
DA:46,3
DA:47,3
DA:48,3
DA:49,3
DA:50,3
DA:51,3
DA:52,3
DA:53,3
DA:54,3
DA:55,3
DA:56,3
DA:57,3
DA:58,3
DA:59,3
DA:60,3
DA:61,3
DA:62,3
DA:63,3
LF:63
LH:63
BRDA:1,0,0,3
BRF:1
BRH:1
end_of_record
TN:
SF:src/locales/en.js
FNF:0
FNH:0
DA:1,5
DA:2,5
DA:3,5
DA:4,5
DA:5,5
DA:6,5
DA:7,5
DA:8,5
DA:9,5
DA:10,5
DA:11,5
DA:12,5
DA:13,5
DA:14,5
DA:15,5
DA:16,5
DA:17,5
DA:18,5
DA:19,5
DA:20,5
DA:21,5
DA:22,5
DA:23,5
DA:24,5
DA:25,5
DA:26,5
DA:27,5
DA:28,5
DA:29,5
DA:30,5
DA:31,5
DA:32,5
DA:33,5
DA:34,5
DA:35,5
DA:36,5
DA:37,5
DA:38,5
LF:38
LH:38
BRDA:1,0,0,5
BRF:1
BRH:1
end_of_record
TN:
SF:src/locales/tr.js
FNF:0
FNH:0
DA:1,5
DA:2,5
DA:3,5
DA:4,5
DA:5,5
DA:6,5
DA:7,5
DA:8,5
DA:9,5
DA:10,5
DA:11,5
DA:12,5
DA:13,5
DA:14,5
DA:15,5
DA:16,5
DA:17,5
DA:18,5
DA:19,5
DA:20,5
DA:21,5
DA:22,5
DA:23,5
DA:24,5
DA:25,5
DA:26,5
DA:27,5
DA:28,5
DA:29,5
DA:30,5
DA:31,5
DA:32,5
DA:33,5
DA:34,5
DA:35,5
DA:36,5
DA:37,5
DA:38,5
LF:38
LH:38
BRDA:1,0,0,5
BRF:1
BRH:1
end_of_record
TN:
SF:src/mock/mock-employees.js
FNF:0
FNH:0
DA:1,3
DA:2,3
DA:3,3
DA:4,3
DA:5,3
DA:6,3
DA:7,3
DA:8,3
DA:9,3
DA:10,3
DA:11,3
DA:12,3
DA:13,3
DA:14,3
DA:15,3
DA:16,3
DA:17,3
DA:18,3
DA:19,3
DA:20,3
DA:21,3
DA:22,3
DA:23,3
DA:24,3
DA:25,3
DA:26,3
DA:27,3
DA:28,3
DA:29,3
DA:30,3
DA:31,3
DA:32,3
DA:33,3
DA:34,3
DA:35,3
DA:36,3
DA:37,3
DA:38,3
DA:39,3
DA:40,3
DA:41,3
DA:42,3
DA:43,3
DA:44,3
DA:45,3
DA:46,3
DA:47,3
DA:48,3
DA:49,3
DA:50,3
DA:51,3
DA:52,3
DA:53,3
DA:54,3
DA:55,3
DA:56,3
DA:57,3
DA:58,3
DA:59,3
DA:60,3
DA:61,3
DA:62,3
DA:63,3
DA:64,3
DA:65,3
DA:66,3
DA:67,3
DA:68,3
DA:69,3
DA:70,3
DA:71,3
DA:72,3
DA:73,3
DA:74,3
DA:75,3
DA:76,3
DA:77,3
DA:78,3
DA:79,3
DA:80,3
DA:81,3
DA:82,3
DA:83,3
DA:84,3
DA:85,3
DA:86,3
DA:87,3
DA:88,3
DA:89,3
DA:90,3
DA:91,3
DA:92,3
DA:93,3
DA:94,3
DA:95,3
DA:96,3
DA:97,3
DA:98,3
DA:99,3
DA:100,3
DA:101,3
DA:102,3
DA:103,3
DA:104,3
DA:105,3
DA:106,3
DA:107,3
DA:108,3
DA:109,3
DA:110,3
DA:111,3
DA:112,3
DA:113,3
DA:114,3
DA:115,3
DA:116,3
DA:117,3
DA:118,3
DA:119,3
DA:120,3
DA:121,3
DA:122,3
DA:123,3
DA:124,3
DA:125,3
DA:126,3
DA:127,3
DA:128,3
DA:129,3
DA:130,3
DA:131,3
DA:132,3
DA:133,3
DA:134,3
DA:135,3
DA:136,3
DA:137,3
DA:138,3
DA:139,3
DA:140,3
DA:141,3
DA:142,3
DA:143,3
DA:144,3
DA:145,3
DA:146,3
DA:147,3
DA:148,3
DA:149,3
DA:150,3
DA:151,3
DA:152,3
DA:153,3
DA:154,3
DA:155,3
DA:156,3
DA:157,3
DA:158,3
DA:159,3
DA:160,3
DA:161,3
DA:162,3
DA:163,3
DA:164,3
DA:165,3
DA:166,3
DA:167,3
DA:168,3
DA:169,3
DA:170,3
DA:171,3
DA:172,3
DA:173,3
DA:174,3
DA:175,3
DA:176,3
DA:177,3
DA:178,3
DA:179,3
DA:180,3
DA:181,3
DA:182,3
DA:183,3
DA:184,3
DA:185,3
DA:186,3
DA:187,3
DA:188,3
DA:189,3
DA:190,3
DA:191,3
DA:192,3
DA:193,3
DA:194,3
DA:195,3
DA:196,3
DA:197,3
DA:198,3
DA:199,3
DA:200,3
DA:201,3
DA:202,3
DA:203,3
DA:204,3
DA:205,3
DA:206,3
DA:207,3
DA:208,3
DA:209,3
DA:210,3
DA:211,3
DA:212,3
DA:213,3
DA:214,3
DA:215,3
DA:216,3
DA:217,3
DA:218,3
DA:219,3
DA:220,3
DA:221,3
DA:222,3
DA:223,3
DA:224,3
DA:225,3
DA:226,3
DA:227,3
DA:228,3
DA:229,3
DA:230,3
DA:231,3
DA:232,3
DA:233,3
DA:234,3
DA:235,3
DA:236,3
DA:237,3
DA:238,3
DA:239,3
DA:240,3
DA:241,3
DA:242,3
DA:243,3
DA:244,3
DA:245,3
DA:246,3
DA:247,3
DA:248,3
DA:249,3
DA:250,3
DA:251,3
DA:252,3
DA:253,3
DA:254,3
DA:255,3
DA:256,3
DA:257,3
DA:258,3
DA:259,3
DA:260,3
DA:261,3
DA:262,3
DA:263,3
DA:264,3
DA:265,3
DA:266,3
DA:267,3
DA:268,3
DA:269,3
DA:270,3
DA:271,3
DA:272,3
DA:273,3
DA:274,3
DA:275,3
DA:276,3
DA:277,3
DA:278,3
DA:279,3
DA:280,3
DA:281,3
DA:282,3
DA:283,3
DA:284,3
DA:285,3
DA:286,3
DA:287,3
DA:288,3
DA:289,3
DA:290,3
DA:291,3
DA:292,3
DA:293,3
DA:294,3
DA:295,3
DA:296,3
DA:297,3
DA:298,3
DA:299,3
DA:300,3
DA:301,3
DA:302,3
DA:303,3
DA:304,3
DA:305,3
DA:306,3
DA:307,3
DA:308,3
DA:309,3
DA:310,3
DA:311,3
DA:312,3
DA:313,3
DA:314,3
DA:315,3
DA:316,3
DA:317,3
DA:318,3
DA:319,3
DA:320,3
DA:321,3
DA:322,3
DA:323,3
DA:324,3
DA:325,3
DA:326,3
DA:327,3
DA:328,3
DA:329,3
DA:330,3
DA:331,3
DA:332,3
DA:333,3
DA:334,3
DA:335,3
DA:336,3
DA:337,3
DA:338,3
DA:339,3
DA:340,3
DA:341,3
DA:342,3
DA:343,3
DA:344,3
DA:345,3
DA:346,3
DA:347,3
DA:348,3
DA:349,3
DA:350,3
DA:351,3
DA:352,3
DA:353,3
DA:354,3
DA:355,3
DA:356,3
DA:357,3
DA:358,3
DA:359,3
DA:360,3
DA:361,3
DA:362,3
DA:363,3
DA:364,3
DA:365,3
DA:366,3
DA:367,3
DA:368,3
DA:369,3
DA:370,3
DA:371,3
DA:372,3
DA:373,3
DA:374,3
DA:375,3
DA:376,3
DA:377,3
DA:378,3
DA:379,3
DA:380,3
DA:381,3
DA:382,3
DA:383,3
DA:384,3
DA:385,3
DA:386,3
DA:387,3
DA:388,3
DA:389,3
DA:390,3
DA:391,3
DA:392,3
DA:393,3
DA:394,3
DA:395,3
DA:396,3
DA:397,3
DA:398,3
DA:399,3
DA:400,3
DA:401,3
DA:402,3
DA:403,3
DA:404,3
DA:405,3
DA:406,3
DA:407,3
DA:408,3
DA:409,3
DA:410,3
DA:411,3
DA:412,3
DA:413,3
DA:414,3
DA:415,3
DA:416,3
DA:417,3
DA:418,3
DA:419,3
DA:420,3
DA:421,3
DA:422,3
DA:423,3
DA:424,3
DA:425,3
DA:426,3
DA:427,3
DA:428,3
DA:429,3
DA:430,3
DA:431,3
DA:432,3
DA:433,3
DA:434,3
DA:435,3
DA:436,3
DA:437,3
DA:438,3
DA:439,3
DA:440,3
DA:441,3
DA:442,3
DA:443,3
DA:444,3
DA:445,3
DA:446,3
DA:447,3
DA:448,3
DA:449,3
DA:450,3
DA:451,3
DA:452,3
DA:453,3
DA:454,3
DA:455,3
DA:456,3
DA:457,3
DA:458,3
DA:459,3
DA:460,3
DA:461,3
DA:462,3
DA:463,3
DA:464,3
DA:465,3
DA:466,3
DA:467,3
DA:468,3
DA:469,3
DA:470,3
DA:471,3
DA:472,3
DA:473,3
DA:474,3
DA:475,3
DA:476,3
DA:477,3
DA:478,3
DA:479,3
DA:480,3
DA:481,3
DA:482,3
DA:483,3
DA:484,3
DA:485,3
DA:486,3
DA:487,3
DA:488,3
DA:489,3
DA:490,3
DA:491,3
DA:492,3
DA:493,3
DA:494,3
DA:495,3
DA:496,3
DA:497,3
DA:498,3
LF:498
LH:498
BRDA:1,0,0,3
BRF:1
BRH:1
end_of_record
TN:
SF:src/pages/edit-employee.js
FN:12,<static_initializer>
FN:16,EditEmployee
FN:21,onBeforeEnter
FN:27,connectedCallback
FN:36,handleSave
FN:43,onConfirm
FN:51,onCancel
FN:83,render
FN:102,i18next.t.firstName
FNF:9
FNH:6
FNDA:1,<static_initializer>
FNDA:4,EditEmployee
FNDA:0,onBeforeEnter
FNDA:4,connectedCallback
FNDA:2,handleSave
FNDA:1,onConfirm
FNDA:0,onCancel
FNDA:7,render
FNDA:0,i18next.t.firstName
DA:1,1
DA:2,1
DA:3,1
DA:4,1
DA:5,1
DA:6,1
DA:7,1
DA:8,1
DA:9,1
DA:10,1
DA:11,1
DA:12,1
DA:13,1
DA:14,1
DA:15,1
DA:16,1
DA:17,4
DA:18,4
DA:19,4
DA:20,1
DA:21,1
DA:22,0
DA:23,0
DA:24,0
DA:25,0
DA:26,1
DA:27,1
DA:28,4
DA:29,4
DA:30,4
DA:31,4
DA:32,4
DA:33,4
DA:34,4
DA:35,1
DA:36,1
DA:37,2
DA:38,2
DA:39,2
DA:40,2
DA:41,2
DA:42,2
DA:43,2
DA:44,1
DA:45,1
DA:46,1
DA:47,1
DA:48,1
DA:49,2
DA:50,2
DA:51,2
DA:52,0
DA:53,0
DA:54,2
DA:55,2
DA:56,2
DA:57,2
DA:58,2
DA:59,1
DA:60,1
DA:61,1
DA:62,1
DA:63,1
DA:64,1
DA:65,1
DA:66,1
DA:67,1
DA:68,1
DA:69,1
DA:70,1
DA:71,1
DA:72,1
DA:73,1
DA:74,1
DA:75,1
DA:76,1
DA:77,1
DA:78,1
DA:79,1
DA:80,1
DA:81,1
DA:82,1
DA:83,1
DA:84,7
DA:85,4
DA:86,4
DA:87,4
DA:88,4
DA:89,4
DA:90,4
DA:91,4
DA:92,4
DA:93,4
DA:94,4
DA:95,3
DA:96,3
DA:97,3
DA:98,3
DA:99,3
DA:100,3
DA:101,3
DA:102,3
DA:103,3
DA:104,3
DA:105,3
DA:106,3
DA:107,3
DA:108,3
DA:109,3
DA:110,3
DA:111,3
DA:112,3
DA:113,3
DA:114,3
DA:115,3
DA:116,7
DA:117,1
DA:118,1
DA:119,1
DA:120,1
LF:120
LH:114
BRDA:1,0,0,1
BRDA:12,1,0,1
BRDA:16,2,0,4
BRDA:27,3,0,4
BRDA:32,4,0,0
BRDA:31,5,0,6
BRDA:36,6,0,2
BRDA:43,7,0,1
BRDA:83,8,0,7
BRDA:84,9,0,4
BRDA:95,10,0,3
BRF:11
BRH:10
end_of_record
TN:
SF:src/pages/employees.js
FN:14,<static_initializer>
FN:43,PageEmployees
FN:51,onBeforeEnter
FN:55,fetchEmployees
FN:59,get filteredEmployees
FN:70,handleSearch
FN:73,handleDelete
FN:85,onConfirm
FN:93,onCancel
FN:102,render
FN:114,html.viewMode
FNF:11
FNH:10
FNDA:1,<static_initializer>
FNDA:7,PageEmployees
FNDA:0,onBeforeEnter
FNDA:8,fetchEmployees
FNDA:21,get filteredEmployees
FNDA:2,handleSearch
FNDA:2,handleDelete
FNDA:1,onConfirm
FNDA:1,onCancel
FNDA:18,render
FNDA:1,html.viewMode
DA:1,1
DA:2,1
DA:3,1
DA:4,1
DA:5,1
DA:6,1
DA:7,1
DA:8,1
DA:9,1
DA:10,1
DA:11,1
DA:12,1
DA:13,1
DA:14,1
DA:15,1
DA:16,1
DA:17,1
DA:18,1
DA:19,1
DA:20,1
DA:21,1
DA:22,1
DA:23,1
DA:24,1
DA:25,1
DA:26,1
DA:27,1
DA:28,1
DA:29,1
DA:30,1
DA:31,1
DA:32,1
DA:33,1
DA:34,1
DA:35,1
DA:36,1
DA:37,1
DA:38,1
DA:39,1
DA:40,1
DA:41,1
DA:42,1
DA:43,1
DA:44,7
DA:45,7
DA:46,7
DA:47,7
DA:48,7
DA:49,7
DA:50,1
DA:51,1
DA:52,0
DA:53,0
DA:54,1
DA:55,1
DA:56,8
DA:57,8
DA:58,1
DA:59,1
DA:60,21
DA:61,21
DA:62,2
DA:63,6
DA:64,6
DA:65,6
DA:66,6
DA:67,2
DA:68,21
DA:69,1
DA:70,1
DA:71,2
DA:72,2
DA:73,1
DA:74,2
DA:75,2
DA:76,2
DA:77,2
DA:78,2
DA:79,2
DA:80,2
DA:81,2
DA:82,2
DA:83,2
DA:84,2
DA:85,2
DA:86,1
DA:87,1
DA:88,1
DA:89,1
DA:90,1
DA:91,2
DA:92,2
DA:93,2
DA:94,1
DA:95,1
DA:96,2
DA:97,2
DA:98,2
DA:99,2
DA:100,2
DA:101,1
DA:102,1
DA:103,18
DA:104,18
DA:105,18
DA:106,18
DA:107,18
DA:108,18
DA:109,18
DA:110,18
DA:111,18
DA:112,18
DA:113,18
DA:114,18
DA:115,18
DA:116,18
DA:117,18
DA:118,18
DA:119,18
DA:120,18
DA:121,18
DA:122,18
DA:123,18
DA:124,18
DA:125,18
DA:126,18
DA:127,18
DA:128,18
DA:129,18
DA:130,18
DA:131,18
DA:132,18
DA:133,18
DA:134,18
DA:135,18
DA:136,18
DA:137,1
DA:138,1
DA:139,1
LF:139
LH:137
BRDA:1,0,0,1
BRDA:14,1,0,1
BRDA:43,2,0,7
BRDA:55,3,0,8
BRDA:59,4,0,21
BRDA:61,5,0,19
BRDA:62,6,0,2
BRDA:62,7,0,6
BRDA:63,8,0,0
BRDA:64,9,0,0
BRDA:65,10,0,0
BRDA:66,11,0,4
BRDA:66,12,0,4
BRDA:70,13,0,2
BRDA:73,14,0,2
BRDA:85,15,0,1
BRDA:93,16,0,1
BRDA:102,17,0,18
BRDA:114,18,0,17
BRDA:114,19,0,1
BRDA:117,20,0,1
BRDA:117,21,0,17
BRDA:114,22,0,1
BRDA:117,23,0,1
BRF:24
BRH:21
end_of_record
TN:
SF:src/store/employee-store.js
FN:5,EmployeeStore
FN:17,setEmployees
FN:22,addEmployee
FN:27,updateEmployee
FN:35,deleteEmployee
FNF:5
FNH:5
FNDA:4,EmployeeStore
FNDA:21,setEmployees
FNDA:1,addEmployee
FNDA:2,updateEmployee
FNDA:2,deleteEmployee
DA:1,3
DA:2,3
DA:3,3
DA:4,3
DA:5,3
DA:6,4
DA:7,4
DA:8,4
DA:9,4
DA:10,4
DA:11,4
DA:12,4
DA:13,4
DA:14,4
DA:15,4
DA:16,3
DA:17,3
DA:18,21
DA:19,21
DA:20,21
DA:21,3
DA:22,3
DA:23,1
DA:24,1
DA:25,1
DA:26,3
DA:27,3
DA:28,2
DA:29,3
DA:30,2
DA:31,2
DA:32,2
DA:33,2
DA:34,3
DA:35,3
DA:36,2
DA:37,2
DA:38,2
DA:39,3
DA:40,3
DA:41,3
LF:41
LH:41
BRDA:1,0,0,3
BRDA:5,1,0,4
BRDA:9,2,0,0
BRDA:17,3,0,21
BRDA:27,4,0,3
BRDA:28,5,0,4
BRDA:29,6,0,3
BRDA:29,7,0,2
BRDA:22,8,0,3
BRDA:35,9,0,3
BRDA:36,10,0,6
BRF:11
BRH:10
end_of_record
TN:
SF:src/utils/navigation.js
FN:3,handleGlobalCancel
FNF:1
FNH:1
FNDA:2,handleGlobalCancel
DA:1,2
DA:2,2
DA:3,2
DA:4,2
DA:5,1
DA:6,1
DA:7,1
DA:8,1
DA:9,2
LF:9
LH:9
BRDA:1,0,0,2
BRDA:3,1,0,3
BRDA:4,2,0,2
BRF:3
BRH:3
end_of_record
TN:
SF:src/utils/reactive.js
FN:1,reactive
FN:5,set
FN:12,proxy.__subscribe
FN:13,proxy.__unsubscribe
FNF:4
FNH:4
FNDA:8,reactive
FNDA:46,set
FNDA:4,proxy.__subscribe
FNDA:1,proxy.__unsubscribe
DA:1,4
DA:2,8
DA:3,8
DA:4,8
DA:5,8
DA:6,46
DA:7,46
DA:8,46
DA:9,46
DA:10,8
DA:11,8
DA:12,8
DA:13,8
DA:14,8
DA:15,8
DA:16,8
LF:16
LH:16
BRDA:1,0,0,4
BRDA:1,1,0,4
BRDA:5,2,0,46
BRDA:7,3,0,37
BRDA:12,4,0,8
BRDA:13,5,0,5
BRF:6
BRH:6
end_of_record
